  Enter the (path-)filename of the input potential file ...
    (2 columns with values of R and R*V(R), free format)

 # Input potential file: potential_1T2y.dat  

 # Potential grid. Number of radii = 3871
 # Spline interpolation error =  3.6E-04
 # Range of the potential =  8.9E+00

 # Delta_infty =  1.000000000000000E+35

  The user grid can be read from a file (single column, increasing radii)
  or determined automatically. If you wish to use a prepared grid, enter
  the file name, otherwise type 'n' ...
   
  Select one option ...
    1: Schrodinger bound state,   2: Schrodinger free state,
    3: Dirac bound state,         4: Dirac free state.
    5: Quantum defect.
   
  Enter E, L and EPS ...
 # **** Schrodinger Eq. Numerical potential.
 #      Input potential file: potential_1T2y.dat  
 #      Free state: E= 4.409917E-01, L=   1  (EPS= 1.0E-15)
 #        Inner phase shift= 1.243810323490736E+00
 #      Coulomb phase shift=-5.229382215928716E-01  (ETA=-1.064838E+00)
 #      Matching radius: RAD(  896)= 8.949999999999999E+00
   
  Select one option ...
    1: Schrodinger bound state,   2: Schrodinger free state,
    3: Dirac bound state,         4: Dirac free state.
    5: Quantum defect.
   
  Enter E, L and EPS ...
 # **** Schrodinger Eq. Numerical potential.
 #      Input potential file: potential_1T2y.dat  
 #      Free state: E= 1.359724E+00, L=   1  (EPS= 1.0E-15)
 #        Inner phase shift= 1.227961195784794E+00
 #      Coulomb phase shift=-2.708329603712124E-01  (ETA=-6.064200E-01)
 #      Matching radius: RAD(  896)= 8.949999999999999E+00
   
  Select one option ...
    1: Schrodinger bound state,   2: Schrodinger free state,
    3: Dirac bound state,         4: Dirac free state.
    5: Quantum defect.
   
  Enter E, L and EPS ...
 # **** Schrodinger Eq. Numerical potential.
 #      Input potential file: potential_1T2y.dat  
 #      Free state: E= 2.719449E+00, L=   1  (EPS= 1.0E-15)
 #        Inner phase shift= 1.123746596081329E+00
 #      Coulomb phase shift=-1.864978607548724E-01  (ETA=-4.288036E-01)
 #      Matching radius: RAD(  896)= 8.949999999999999E+00
   
  Select one option ...
    1: Schrodinger bound state,   2: Schrodinger free state,
    3: Dirac bound state,         4: Dirac free state.
    5: Quantum defect.
