  Enter the (path-)filename of the input potential file ...
    (2 columns with values of R and R*V(R), free format)

 # Input potential file: potential_1T2z.dat  

 # Potential grid. Number of radii = 3871
 # Spline interpolation error =  3.6E-04
 # Range of the potential =  9.3E+00

 # Delta_infty =  1.000000000000000E+35

  The user grid can be read from a file (single column, increasing radii)
  or determined automatically. If you wish to use a prepared grid, enter
  the file name, otherwise type 'n' ...
   
  Select one option ...
    1: Schrodinger bound state,   2: Schrodinger free state,
    3: Dirac bound state,         4: Dirac free state.
    5: Quantum defect.
   
  Enter E, L and EPS ...
 # **** Schrodinger Eq. Numerical potential.
 #      Input potential file: potential_1T2z.dat  
 #      Free state: E= 4.409917E-01, L=   0  (EPS= 1.0E-15)
 #        Inner phase shift= 2.653025829114075E+00
 #      Coulomb phase shift=-5.989333722509348E+00  (ETA=-1.064833E+00)
 #      Matching radius: RAD(  932)= 9.310000000000000E+00
   
  Select one option ...
    1: Schrodinger bound state,   2: Schrodinger free state,
    3: Dirac bound state,         4: Dirac free state.
    5: Quantum defect.
   
  Enter E, L and EPS ...
 # **** Schrodinger Eq. Numerical potential.
 #      Input potential file: potential_1T2z.dat  
 #      Free state: E= 1.359724E+00, L=   0  (EPS= 1.0E-15)
 #        Inner phase shift= 2.493281289542006E+00
 #      Coulomb phase shift= 2.742930388807551E-01  (ETA=-6.064170E-01)
 #      Matching radius: RAD(  932)= 9.310000000000000E+00
   
  Select one option ...
    1: Schrodinger bound state,   2: Schrodinger free state,
    3: Dirac bound state,         4: Dirac free state.
    5: Quantum defect.
   
  Enter E, L and EPS ...
 # **** Schrodinger Eq. Numerical potential.
 #      Input potential file: potential_1T2z.dat  
 #      Free state: E= 2.719449E+00, L=   0  (EPS= 1.0E-15)
 #        Inner phase shift= 2.280134542538709E+00
 #      Coulomb phase shift= 2.185892408372161E-01  (ETA=-4.288015E-01)
 #      Matching radius: RAD(  932)= 9.310000000000000E+00
   
  Select one option ...
    1: Schrodinger bound state,   2: Schrodinger free state,
    3: Dirac bound state,         4: Dirac free state.
    5: Quantum defect.
