  Enter the (path-)filename of the input potential file ...
    (2 columns with values of R and R*V(R), free format)

 # Input potential file: potential_1A1.dat   

 # Potential grid. Number of radii = 3871
 # Spline interpolation error =  3.4E-04
 # Range of the potential =  8.5E+00

 # Delta_infty =  1.000000000000000E+35

  The user grid can be read from a file (single column, increasing radii)
  or determined automatically. If you wish to use a prepared grid, enter
  the file name, otherwise type 'n' ...
   
  Select one option ...
    1: Schrodinger bound state,   2: Schrodinger free state,
    3: Dirac bound state,         4: Dirac free state.
    5: Quantum defect.
   
  Enter E, L and EPS ...
 # **** Schrodinger Eq. Numerical potential.
 #      Input potential file: potential_1A1.dat   
 #      Free state: E= 4.409917E-01, L=   4  (EPS= 1.0E-15)
 #        Inner phase shift= 2.202418054740152E-02
 #      Coulomb phase shift=-1.613418844146624E+00  (ETA=-1.064829E+00)
 #      Matching radius: RAD(  847)= 8.460000000000001E+00
   
  Select one option ...
    1: Schrodinger bound state,   2: Schrodinger free state,
    3: Dirac bound state,         4: Dirac free state.
    5: Quantum defect.
   
  Enter E, L and EPS ...
 # **** Schrodinger Eq. Numerical potential.
 #      Input potential file: potential_1A1.dat   
 #      Free state: E= 1.359724E+00, L=   4  (EPS= 1.0E-15)
 #        Inner phase shift= 1.560094185371779E-01
 #      Coulomb phase shift=-9.151354967989528E-01  (ETA=-6.064145E-01)
 #      Matching radius: RAD(  847)= 8.460000000000001E+00
   
  Select one option ...
    1: Schrodinger bound state,   2: Schrodinger free state,
    3: Dirac bound state,         4: Dirac free state.
    5: Quantum defect.
   
  Enter E, L and EPS ...
 # **** Schrodinger Eq. Numerical potential.
 #      Input potential file: potential_1A1.dat   
 #      Free state: E= 2.719449E+00, L=   4  (EPS= 1.0E-15)
 #        Inner phase shift= 2.722590946015444E-01
 #      Coulomb phase shift=-6.464623219147484E-01  (ETA=-4.287998E-01)
 #      Matching radius: RAD(  847)= 8.460000000000001E+00
   
  Select one option ...
    1: Schrodinger bound state,   2: Schrodinger free state,
    3: Dirac bound state,         4: Dirac free state.
    5: Quantum defect.
