  Enter the (path-)filename of the input potential file ...
    (2 columns with values of R and R*V(R), free format)

 # Input potential file: potential_2A1.dat   

 # Potential grid. Number of radii = 2000
 # Spline interpolation error =  3.7E-01
 # Range of the potential =  3.0E-02

 # Delta_infty = -1.000000000000000E+35

  The user grid can be read from a file (single column, increasing radii)
  or determined automatically. If you wish to use a prepared grid, enter
  the file name, otherwise type 'n' ...
   
  Select one option ...
    1: Schrodinger bound state,   2: Schrodinger free state,
    3: Dirac bound state,         4: Dirac free state.
    5: Quantum defect.
   
  Enter E, L and EPS ...
 # **** Schrodinger Eq. Numerical potential.
 #      Input potential file: potential_2A1.dat   
 #      Free state: E= 4.409917E-01, L=   2  (EPS= 1.0E-15)
 #        Inner phase shift=-1.492139745096210E-13
 #      Coulomb phase shift=-1.012149375246654E+00  (ETA=-1.064804E+00)
 #      Matching radius: RAD(   11)= 1.000000000000000E-01
   
  Select one option ...
    1: Schrodinger bound state,   2: Schrodinger free state,
    3: Dirac bound state,         4: Dirac free state.
    5: Quantum defect.
   
  Enter E, L and EPS ...
 # **** Schrodinger Eq. Numerical potential.
 #      Input potential file: potential_2A1.dat   
 #      Free state: E= 1.359724E+00, L=   2  (EPS= 1.0E-15)
 #        Inner phase shift=-7.869260798543110E-13
 #      Coulomb phase shift=-5.652136601100474E-01  (ETA=-6.064006E-01)
 #      Matching radius: RAD(    6)= 5.000000000000000E-02
   
  Select one option ...
    1: Schrodinger bound state,   2: Schrodinger free state,
    3: Dirac bound state,         4: Dirac free state.
    5: Quantum defect.
   
  Enter E, L and EPS ...
 # **** Schrodinger Eq. Numerical potential.
 #      Input potential file: potential_2A1.dat   
 #      Free state: E= 2.719449E+00, L=   2  (EPS= 1.0E-15)
 #        Inner phase shift=-2.739142246355186E-12
 #      Coulomb phase shift=-3.976893351715369E-01  (ETA=-4.287899E-01)
 #      Matching radius: RAD(    5)= 4.000000000000000E-02
   
  Select one option ...
    1: Schrodinger bound state,   2: Schrodinger free state,
    3: Dirac bound state,         4: Dirac free state.
    5: Quantum defect.
